[debug] [2021-05-30T04:43:44.199Z] ----------------------------------------------------------------------
[debug] [2021-05-30T04:43:44.204Z] Command:       C:\Program Files\nodejs\node.exe C:\Users\LENOVO\AppData\Roaming\npm\node_modules\firebase-tools\lib\bin\firebase.js emulators:start
[debug] [2021-05-30T04:43:44.205Z] CLI Version:   9.11.0
[debug] [2021-05-30T04:43:44.206Z] Platform:      win32
[debug] [2021-05-30T04:43:44.206Z] Node Version:  v14.13.1
[debug] [2021-05-30T04:43:44.208Z] Time:          Sun May 30 2021 10:13:44 GMT+0530 (India Standard Time)
[debug] [2021-05-30T04:43:44.208Z] ----------------------------------------------------------------------
[debug] 
[debug] [2021-05-30T04:43:44.229Z] > command requires scopes: ["email","openid","https://www.googleapis.com/auth/cloudplatformprojects.readonly","https://www.googleapis.com/auth/firebase","https://www.googleapis.com/auth/cloud-platform"]
[debug] [2021-05-30T04:43:44.229Z] > authorizing via signed-in user (30octaksharma@gmail.com)
[info] i  emulators: Starting emulators: functions, hosting {"metadata":{"emulator":{"name":"hub"},"message":"Starting emulators: functions, hosting"}}
[debug] [2021-05-30T04:43:44.301Z] [hub] writing locator at C:\Users\LENOVO\AppData\Local\Temp\hub-clone-b75f7.json
[warn] !  functions: The following emulators are not running, calls to these services from the Functions emulator will affect production: auth, firestore, database, pubsub, storage {"metadata":{"emulator":{"name":"functions"},"message":"The following emulators are not running, calls to these services from the Functions emulator will affect production: \u001b[1mauth, firestore, database, pubsub, storage\u001b[22m"}}
[warn] !  Your requested "node" version "12" doesn't match your global version "14" {"metadata":{"emulator":{"name":"functions"},"message":"Your requested \"node\" version \"12\" doesn't match your global version \"14\""}}
[debug] [2021-05-30T04:43:44.391Z] defaultcredentials: writing to file C:\Users\LENOVO\AppData\Roaming\firebase\30octaksharma_gmail_com_application_default_credentials.json
[debug] [2021-05-30T04:43:44.398Z] Setting GAC to C:\Users\LENOVO\AppData\Roaming\firebase\30octaksharma_gmail_com_application_default_credentials.json {"metadata":{"emulator":{"name":"functions"},"message":"Setting GAC to C:\\Users\\LENOVO\\AppData\\Roaming\\firebase\\30octaksharma_gmail_com_application_default_credentials.json"}}
[debug] [2021-05-30T04:43:44.403Z] >>> [apiv2][query] GET https://firebase.googleapis.com/v1beta1/projects/clone-b75f7/adminSdkConfig [none]
[debug] [2021-05-30T04:43:45.374Z] <<< [apiv2][status] GET https://firebase.googleapis.com/v1beta1/projects/clone-b75f7/adminSdkConfig 200
[debug] [2021-05-30T04:43:45.375Z] <<< [apiv2][body] GET https://firebase.googleapis.com/v1beta1/projects/clone-b75f7/adminSdkConfig {"projectId":"clone-b75f7","databaseURL":"https://clone-b75f7-default-rtdb.firebaseio.com","storageBucket":"clone-b75f7.appspot.com","locationId":"us-central"}
[debug] [2021-05-30T04:43:45.559Z] >>> [apiv2][query] GET https://firebasehosting.googleapis.com/v1beta1/projects/clone-b75f7/sites 
[debug] [2021-05-30T04:43:48.031Z] <<< [apiv2][status] GET https://firebasehosting.googleapis.com/v1beta1/projects/clone-b75f7/sites 200
[debug] [2021-05-30T04:43:48.031Z] <<< [apiv2][body] GET https://firebasehosting.googleapis.com/v1beta1/projects/clone-b75f7/sites {"sites":[{"name":"projects/53990060203/sites/clone-b75f7","defaultUrl":"https://clone-b75f7.web.app","appId":"1:53990060203:web:9b065a694c9f84b1aa47ee","type":"DEFAULT_SITE"}]}
[debug] [2021-05-30T04:43:48.032Z] >>> [apiv2][query] GET https://firebase.googleapis.com/v1beta1/projects/clone-b75f7/webApps/1:53990060203:web:9b065a694c9f84b1aa47ee/config [none]
[debug] [2021-05-30T04:43:49.776Z] <<< [apiv2][status] GET https://firebase.googleapis.com/v1beta1/projects/clone-b75f7/webApps/1:53990060203:web:9b065a694c9f84b1aa47ee/config 200
[debug] [2021-05-30T04:43:49.777Z] <<< [apiv2][body] GET https://firebase.googleapis.com/v1beta1/projects/clone-b75f7/webApps/1:53990060203:web:9b065a694c9f84b1aa47ee/config {"projectId":"clone-b75f7","appId":"1:53990060203:web:9b065a694c9f84b1aa47ee","databaseURL":"https://clone-b75f7-default-rtdb.firebaseio.com","storageBucket":"clone-b75f7.appspot.com","locationId":"us-central","apiKey":"AIzaSyCmHgiAn-wJNAWevkmDlEjRD015fMUOHGE","authDomain":"clone-b75f7.firebaseapp.com","messagingSenderId":"53990060203","measurementId":"G-KLTENT512S"}
[info] i  hosting: Serving hosting files from: build {"metadata":{"emulator":{"name":"hosting"},"message":"Serving hosting files from: \u001b[1mbuild\u001b[22m"}}
[info] +  hosting: Local server: http://localhost:5000 {"metadata":{"emulator":{"name":"hosting"},"message":"Local server: \u001b[4m\u001b[1mhttp://localhost:5000\u001b[22m\u001b[24m"}}
[debug] [2021-05-30T04:43:50.393Z] Ignoring unsupported arg: auto_download {"metadata":{"emulator":{"name":"ui"},"message":"Ignoring unsupported arg: auto_download"}}
[debug] [2021-05-30T04:43:50.394Z] Ignoring unsupported arg: port {"metadata":{"emulator":{"name":"ui"},"message":"Ignoring unsupported arg: port"}}
[debug] [2021-05-30T04:43:50.394Z] Starting Emulator UI with command {"binary":"node","args":["C:\\Users\\LENOVO\\.cache\\firebase\\emulators\\ui-v1.5.0\\server.bundle.js"],"optionalArgs":[],"joinArgs":false} {"metadata":{"emulator":{"name":"ui"},"message":"Starting Emulator UI with command {\"binary\":\"node\",\"args\":[\"C:\\\\Users\\\\LENOVO\\\\.cache\\\\firebase\\\\emulators\\\\ui-v1.5.0\\\\server.bundle.js\"],\"optionalArgs\":[],\"joinArgs\":false}"}}
[info] i  ui: Emulator UI logging to ui-debug.log {"metadata":{"emulator":{"name":"ui"},"message":"Emulator UI logging to \u001b[1mui-debug.log\u001b[22m"}}
[debug] [2021-05-30T04:43:50.824Z] Web / API server started at http://localhost:4000
 {"metadata":{"emulator":{"name":"ui"},"message":"Web / API server started at http://localhost:4000\n"}}
[info] i  functions: Watching "D:\lab05\AC\amazonclone\functions" for Cloud Functions... {"metadata":{"emulator":{"name":"functions"},"message":"Watching \"D:\\lab05\\AC\\amazonclone\\functions\" for Cloud Functions..."}}
[debug] [2021-05-30T04:43:50.991Z] [worker-pool] addWorker(~diagnostic~) {"metadata":{"emulator":{"name":"functions"},"message":"[worker-pool] addWorker(~diagnostic~)"}}
[debug] [2021-05-30T04:43:50.992Z] [worker-pool] Adding worker with key ~diagnostic~, total=1 {"metadata":{"emulator":{"name":"functions"},"message":"[worker-pool] Adding worker with key ~diagnostic~, total=1"}}
[debug] [2021-05-30T04:43:50.992Z] [worker-pool] submitWork(triggerId=) {"metadata":{"emulator":{"name":"functions"},"message":"[worker-pool] submitWork(triggerId=)"}}
[debug] [2021-05-30T04:43:50.994Z] [worker-~diagnostic~-b1a116db-dae2-40b0-99fc-6c0a78bbb9a8]: Assigning socketPath: \\?\pipe\D:\lab05\AC\amazonclone\functions\9960 {"metadata":{"emulator":{"name":"functions"},"message":"[worker-~diagnostic~-b1a116db-dae2-40b0-99fc-6c0a78bbb9a8]: Assigning socketPath: \\\\?\\pipe\\D:\\lab05\\AC\\amazonclone\\functions\\9960"}}
[debug] [2021-05-30T04:43:50.995Z] [worker-~diagnostic~-b1a116db-dae2-40b0-99fc-6c0a78bbb9a8]: BUSY {"metadata":{"emulator":{"name":"functions"},"message":"[worker-~diagnostic~-b1a116db-dae2-40b0-99fc-6c0a78bbb9a8]: BUSY"}}
[debug] [2021-05-30T04:43:51.519Z] [runtime-status] [9960] Functions runtime initialized. {"cwd":"D:\\lab05\\AC\\amazonclone\\functions","node_version":"14.13.1"} {"metadata":{"emulator":{"name":"functions"},"message":"[runtime-status] [9960] Functions runtime initialized. {\"cwd\":\"D:\\\\lab05\\\\AC\\\\amazonclone\\\\functions\",\"node_version\":\"14.13.1\"}"}}
[debug] [2021-05-30T04:43:51.523Z] [runtime-status] [9960] Disabled runtime features: undefined {"metadata":{"emulator":{"name":"functions"},"message":"[runtime-status] [9960] Disabled runtime features: undefined"}}
[debug] [2021-05-30T04:43:51.531Z] [runtime-status] [9960] Resolved module firebase-admin {"declared":true,"installed":true,"version":"9.8.0","resolution":"D:\\lab05\\AC\\amazonclone\\functions\\node_modules\\firebase-admin\\lib\\index.js"} {"metadata":{"emulator":{"name":"functions"},"message":"[runtime-status] [9960] Resolved module firebase-admin {\"declared\":true,\"installed\":true,\"version\":\"9.8.0\",\"resolution\":\"D:\\\\lab05\\\\AC\\\\amazonclone\\\\functions\\\\node_modules\\\\firebase-admin\\\\lib\\\\index.js\"}"}}
[debug] [2021-05-30T04:43:51.534Z] [runtime-status] [9960] Resolved module firebase-functions {"declared":true,"installed":true,"version":"3.14.1","resolution":"D:\\lab05\\AC\\amazonclone\\functions\\node_modules\\firebase-functions\\lib\\index.js"} {"metadata":{"emulator":{"name":"functions"},"message":"[runtime-status] [9960] Resolved module firebase-functions {\"declared\":true,\"installed\":true,\"version\":\"3.14.1\",\"resolution\":\"D:\\\\lab05\\\\AC\\\\amazonclone\\\\functions\\\\node_modules\\\\firebase-functions\\\\lib\\\\index.js\"}"}}
[debug] [2021-05-30T04:43:51.539Z] [runtime-status] [9960] Resolved module firebase-functions {"declared":true,"installed":true,"version":"3.14.1","resolution":"D:\\lab05\\AC\\amazonclone\\functions\\node_modules\\firebase-functions\\lib\\index.js"} {"metadata":{"emulator":{"name":"functions"},"message":"[runtime-status] [9960] Resolved module firebase-functions {\"declared\":true,\"installed\":true,\"version\":\"3.14.1\",\"resolution\":\"D:\\\\lab05\\\\AC\\\\amazonclone\\\\functions\\\\node_modules\\\\firebase-functions\\\\lib\\\\index.js\"}"}}
[debug] [2021-05-30T04:43:51.542Z] [runtime-status] [9960] Outgoing network have been stubbed. [{"name":"http","status":"mocked"},{"name":"http","status":"mocked"},{"name":"https","status":"mocked"},{"name":"https","status":"mocked"},{"name":"net","status":"mocked"}] {"metadata":{"emulator":{"name":"functions"},"message":"[runtime-status] [9960] Outgoing network have been stubbed. [{\"name\":\"http\",\"status\":\"mocked\"},{\"name\":\"http\",\"status\":\"mocked\"},{\"name\":\"https\",\"status\":\"mocked\"},{\"name\":\"https\",\"status\":\"mocked\"},{\"name\":\"net\",\"status\":\"mocked\"}]"}}
[debug] [2021-05-30T04:43:51.544Z] [runtime-status] [9960] Resolved module firebase-functions {"declared":true,"installed":true,"version":"3.14.1","resolution":"D:\\lab05\\AC\\amazonclone\\functions\\node_modules\\firebase-functions\\lib\\index.js"} {"metadata":{"emulator":{"name":"functions"},"message":"[runtime-status] [9960] Resolved module firebase-functions {\"declared\":true,\"installed\":true,\"version\":\"3.14.1\",\"resolution\":\"D:\\\\lab05\\\\AC\\\\amazonclone\\\\functions\\\\node_modules\\\\firebase-functions\\\\lib\\\\index.js\"}"}}
[debug] [2021-05-30T04:43:51.657Z] [runtime-status] [9960] Checked functions.config() {"config":{}} {"metadata":{"emulator":{"name":"functions"},"message":"[runtime-status] [9960] Checked functions.config() {\"config\":{}}"}}
[debug] [2021-05-30T04:43:51.658Z] [runtime-status] [9960] firebase-functions has been stubbed. {"functionsResolution":{"declared":true,"installed":true,"version":"3.14.1","resolution":"D:\\lab05\\AC\\amazonclone\\functions\\node_modules\\firebase-functions\\lib\\index.js"}} {"metadata":{"emulator":{"name":"functions"},"message":"[runtime-status] [9960] firebase-functions has been stubbed. {\"functionsResolution\":{\"declared\":true,\"installed\":true,\"version\":\"3.14.1\",\"resolution\":\"D:\\\\lab05\\\\AC\\\\amazonclone\\\\functions\\\\node_modules\\\\firebase-functions\\\\lib\\\\index.js\"}}"}}
[debug] [2021-05-30T04:43:51.659Z] [runtime-status] [9960] Resolved module firebase-functions {"declared":true,"installed":true,"version":"3.14.1","resolution":"D:\\lab05\\AC\\amazonclone\\functions\\node_modules\\firebase-functions\\lib\\index.js"} {"metadata":{"emulator":{"name":"functions"},"message":"[runtime-status] [9960] Resolved module firebase-functions {\"declared\":true,\"installed\":true,\"version\":\"3.14.1\",\"resolution\":\"D:\\\\lab05\\\\AC\\\\amazonclone\\\\functions\\\\node_modules\\\\firebase-functions\\\\lib\\\\index.js\"}"}}
[debug] [2021-05-30T04:43:51.662Z] [runtime-status] [9960] Resolved module firebase-admin {"declared":true,"installed":true,"version":"9.8.0","resolution":"D:\\lab05\\AC\\amazonclone\\functions\\node_modules\\firebase-admin\\lib\\index.js"} {"metadata":{"emulator":{"name":"functions"},"message":"[runtime-status] [9960] Resolved module firebase-admin {\"declared\":true,\"installed\":true,\"version\":\"9.8.0\",\"resolution\":\"D:\\\\lab05\\\\AC\\\\amazonclone\\\\functions\\\\node_modules\\\\firebase-admin\\\\lib\\\\index.js\"}"}}
[debug] [2021-05-30T04:43:51.663Z] [runtime-status] [9960] Resolved module firebase-functions {"declared":true,"installed":true,"version":"3.14.1","resolution":"D:\\lab05\\AC\\amazonclone\\functions\\node_modules\\firebase-functions\\lib\\index.js"} {"metadata":{"emulator":{"name":"functions"},"message":"[runtime-status] [9960] Resolved module firebase-functions {\"declared\":true,\"installed\":true,\"version\":\"3.14.1\",\"resolution\":\"D:\\\\lab05\\\\AC\\\\amazonclone\\\\functions\\\\node_modules\\\\firebase-functions\\\\lib\\\\index.js\"}"}}
[debug] [2021-05-30T04:43:51.664Z] [runtime-status] [9960] firebase-admin has been stubbed. {"adminResolution":{"declared":true,"installed":true,"version":"9.8.0","resolution":"D:\\lab05\\AC\\amazonclone\\functions\\node_modules\\firebase-admin\\lib\\index.js"}} {"metadata":{"emulator":{"name":"functions"},"message":"[runtime-status] [9960] firebase-admin has been stubbed. {\"adminResolution\":{\"declared\":true,\"installed\":true,\"version\":\"9.8.0\",\"resolution\":\"D:\\\\lab05\\\\AC\\\\amazonclone\\\\functions\\\\node_modules\\\\firebase-admin\\\\lib\\\\index.js\"}}"}}
[info] +  functions[api]: http function initialized (http://localhost:5001/clone-b75f7/us-central1/api). {"metadata":{"emulator":{"name":"functions"},"message":"\u001b[1mhttp\u001b[22m function initialized (http://localhost:5001/clone-b75f7/us-central1/api)."}}
[info] 
┌─────────────────────────────────────────────────────────────┐
│ ✔  All emulators ready! It is now safe to connect your app. │
│ i  View Emulator UI at http://localhost:4000                │
└─────────────────────────────────────────────────────────────┘

┌───────────┬────────────────┬─────────────────────────────────┐
│ Emulator  │ Host:Port      │ View in Emulator UI             │
├───────────┼────────────────┼─────────────────────────────────┤
│ Functions │ localhost:5001 │ http://localhost:4000/functions │
├───────────┼────────────────┼─────────────────────────────────┤
│ Hosting   │ localhost:5000 │ n/a                             │
└───────────┴────────────────┴─────────────────────────────────┘
  Emulator Hub running at localhost:4400
  Other reserved ports: 4500

Issues? Report them at https://github.com/firebase/firebase-tools/issues and attach the *-debug.log files.
 
[debug] [2021-05-30T04:43:52.084Z] [worker-~diagnostic~-b1a116db-dae2-40b0-99fc-6c0a78bbb9a8]: IDLE {"metadata":{"emulator":{"name":"functions"},"message":"[worker-~diagnostic~-b1a116db-dae2-40b0-99fc-6c0a78bbb9a8]: IDLE"}}
[debug] [2021-05-30T04:46:39.332Z] [work-queue] {"queueLength":1,"workRunningCount":0}
[debug] [2021-05-30T04:46:39.333Z] [work-queue] {"queueLength":0,"workRunningCount":1}
[debug] [2021-05-30T04:46:39.334Z] Accepted request POST /clone-b75f7/us-central1/api/payments/create?total=65900 --> api
[debug] [2021-05-30T04:46:39.348Z] [worker-pool] addWorker(api) {"metadata":{"emulator":{"name":"functions"},"message":"[worker-pool] addWorker(api)"}}
[debug] [2021-05-30T04:46:39.349Z] [worker-pool] Adding worker with key api, total=1 {"metadata":{"emulator":{"name":"functions"},"message":"[worker-pool] Adding worker with key api, total=1"}}
[debug] [2021-05-30T04:46:39.350Z] [worker-pool] submitWork(triggerId=api) {"metadata":{"emulator":{"name":"functions"},"message":"[worker-pool] submitWork(triggerId=api)"}}
[debug] [2021-05-30T04:46:39.351Z] [worker-api-cd17203e-fe92-4e6c-bb6c-bdeaaa1ef0ef]: Assigning socketPath: \\?\pipe\D:\lab05\AC\amazonclone\functions\2744 {"metadata":{"emulator":{"name":"functions"},"message":"[worker-api-cd17203e-fe92-4e6c-bb6c-bdeaaa1ef0ef]: Assigning socketPath: \\\\?\\pipe\\D:\\lab05\\AC\\amazonclone\\functions\\2744"}}
[debug] [2021-05-30T04:46:39.351Z] [worker-api-cd17203e-fe92-4e6c-bb6c-bdeaaa1ef0ef]: BUSY {"metadata":{"emulator":{"name":"functions"},"message":"[worker-api-cd17203e-fe92-4e6c-bb6c-bdeaaa1ef0ef]: BUSY"}}
[debug] [2021-05-30T04:46:40.092Z] [runtime-status] [2744] Functions runtime initialized. {"cwd":"D:\\lab05\\AC\\amazonclone\\functions","node_version":"14.13.1"} {"metadata":{"emulator":{"name":"functions"},"function":{"name":"api"},"message":"[runtime-status] [2744] Functions runtime initialized. {\"cwd\":\"D:\\\\lab05\\\\AC\\\\amazonclone\\\\functions\",\"node_version\":\"14.13.1\"}"}}
[debug] [2021-05-30T04:46:40.099Z] [runtime-status] [2744] Disabled runtime features: undefined {"metadata":{"emulator":{"name":"functions"},"function":{"name":"api"},"message":"[runtime-status] [2744] Disabled runtime features: undefined"}}
[debug] [2021-05-30T04:46:40.108Z] [runtime-status] [2744] Resolved module firebase-admin {"declared":true,"installed":true,"version":"9.8.0","resolution":"D:\\lab05\\AC\\amazonclone\\functions\\node_modules\\firebase-admin\\lib\\index.js"} {"metadata":{"emulator":{"name":"functions"},"function":{"name":"api"},"message":"[runtime-status] [2744] Resolved module firebase-admin {\"declared\":true,\"installed\":true,\"version\":\"9.8.0\",\"resolution\":\"D:\\\\lab05\\\\AC\\\\amazonclone\\\\functions\\\\node_modules\\\\firebase-admin\\\\lib\\\\index.js\"}"}}
[debug] [2021-05-30T04:46:40.112Z] [runtime-status] [2744] Resolved module firebase-functions {"declared":true,"installed":true,"version":"3.14.1","resolution":"D:\\lab05\\AC\\amazonclone\\functions\\node_modules\\firebase-functions\\lib\\index.js"} {"metadata":{"emulator":{"name":"functions"},"function":{"name":"api"},"message":"[runtime-status] [2744] Resolved module firebase-functions {\"declared\":true,\"installed\":true,\"version\":\"3.14.1\",\"resolution\":\"D:\\\\lab05\\\\AC\\\\amazonclone\\\\functions\\\\node_modules\\\\firebase-functions\\\\lib\\\\index.js\"}"}}
[debug] [2021-05-30T04:46:40.117Z] [runtime-status] [2744] Resolved module firebase-functions {"declared":true,"installed":true,"version":"3.14.1","resolution":"D:\\lab05\\AC\\amazonclone\\functions\\node_modules\\firebase-functions\\lib\\index.js"} {"metadata":{"emulator":{"name":"functions"},"function":{"name":"api"},"message":"[runtime-status] [2744] Resolved module firebase-functions {\"declared\":true,\"installed\":true,\"version\":\"3.14.1\",\"resolution\":\"D:\\\\lab05\\\\AC\\\\amazonclone\\\\functions\\\\node_modules\\\\firebase-functions\\\\lib\\\\index.js\"}"}}
[debug] [2021-05-30T04:46:40.121Z] [runtime-status] [2744] Outgoing network have been stubbed. [{"name":"http","status":"mocked"},{"name":"http","status":"mocked"},{"name":"https","status":"mocked"},{"name":"https","status":"mocked"},{"name":"net","status":"mocked"}] {"metadata":{"emulator":{"name":"functions"},"function":{"name":"api"},"message":"[runtime-status] [2744] Outgoing network have been stubbed. [{\"name\":\"http\",\"status\":\"mocked\"},{\"name\":\"http\",\"status\":\"mocked\"},{\"name\":\"https\",\"status\":\"mocked\"},{\"name\":\"https\",\"status\":\"mocked\"},{\"name\":\"net\",\"status\":\"mocked\"}]"}}
[debug] [2021-05-30T04:46:40.123Z] [runtime-status] [2744] Resolved module firebase-functions {"declared":true,"installed":true,"version":"3.14.1","resolution":"D:\\lab05\\AC\\amazonclone\\functions\\node_modules\\firebase-functions\\lib\\index.js"} {"metadata":{"emulator":{"name":"functions"},"function":{"name":"api"},"message":"[runtime-status] [2744] Resolved module firebase-functions {\"declared\":true,\"installed\":true,\"version\":\"3.14.1\",\"resolution\":\"D:\\\\lab05\\\\AC\\\\amazonclone\\\\functions\\\\node_modules\\\\firebase-functions\\\\lib\\\\index.js\"}"}}
[debug] [2021-05-30T04:46:40.267Z] [runtime-status] [2744] Checked functions.config() {"config":{}} {"metadata":{"emulator":{"name":"functions"},"function":{"name":"api"},"message":"[runtime-status] [2744] Checked functions.config() {\"config\":{}}"}}
[debug] [2021-05-30T04:46:40.268Z] [runtime-status] [2744] firebase-functions has been stubbed. {"functionsResolution":{"declared":true,"installed":true,"version":"3.14.1","resolution":"D:\\lab05\\AC\\amazonclone\\functions\\node_modules\\firebase-functions\\lib\\index.js"}} {"metadata":{"emulator":{"name":"functions"},"function":{"name":"api"},"message":"[runtime-status] [2744] firebase-functions has been stubbed. {\"functionsResolution\":{\"declared\":true,\"installed\":true,\"version\":\"3.14.1\",\"resolution\":\"D:\\\\lab05\\\\AC\\\\amazonclone\\\\functions\\\\node_modules\\\\firebase-functions\\\\lib\\\\index.js\"}}"}}
[debug] [2021-05-30T04:46:40.269Z] [runtime-status] [2744] Resolved module firebase-functions {"declared":true,"installed":true,"version":"3.14.1","resolution":"D:\\lab05\\AC\\amazonclone\\functions\\node_modules\\firebase-functions\\lib\\index.js"} {"metadata":{"emulator":{"name":"functions"},"function":{"name":"api"},"message":"[runtime-status] [2744] Resolved module firebase-functions {\"declared\":true,\"installed\":true,\"version\":\"3.14.1\",\"resolution\":\"D:\\\\lab05\\\\AC\\\\amazonclone\\\\functions\\\\node_modules\\\\firebase-functions\\\\lib\\\\index.js\"}"}}
[debug] [2021-05-30T04:46:40.272Z] [runtime-status] [2744] Resolved module firebase-admin {"declared":true,"installed":true,"version":"9.8.0","resolution":"D:\\lab05\\AC\\amazonclone\\functions\\node_modules\\firebase-admin\\lib\\index.js"} {"metadata":{"emulator":{"name":"functions"},"function":{"name":"api"},"message":"[runtime-status] [2744] Resolved module firebase-admin {\"declared\":true,\"installed\":true,\"version\":\"9.8.0\",\"resolution\":\"D:\\\\lab05\\\\AC\\\\amazonclone\\\\functions\\\\node_modules\\\\firebase-admin\\\\lib\\\\index.js\"}"}}
[debug] [2021-05-30T04:46:40.273Z] [runtime-status] [2744] Resolved module firebase-functions {"declared":true,"installed":true,"version":"3.14.1","resolution":"D:\\lab05\\AC\\amazonclone\\functions\\node_modules\\firebase-functions\\lib\\index.js"} {"metadata":{"emulator":{"name":"functions"},"function":{"name":"api"},"message":"[runtime-status] [2744] Resolved module firebase-functions {\"declared\":true,\"installed\":true,\"version\":\"3.14.1\",\"resolution\":\"D:\\\\lab05\\\\AC\\\\amazonclone\\\\functions\\\\node_modules\\\\firebase-functions\\\\lib\\\\index.js\"}"}}
[debug] [2021-05-30T04:46:40.274Z] [runtime-status] [2744] firebase-admin has been stubbed. {"adminResolution":{"declared":true,"installed":true,"version":"9.8.0","resolution":"D:\\lab05\\AC\\amazonclone\\functions\\node_modules\\firebase-admin\\lib\\index.js"}} {"metadata":{"emulator":{"name":"functions"},"function":{"name":"api"},"message":"[runtime-status] [2744] firebase-admin has been stubbed. {\"adminResolution\":{\"declared\":true,\"installed\":true,\"version\":\"9.8.0\",\"resolution\":\"D:\\\\lab05\\\\AC\\\\amazonclone\\\\functions\\\\node_modules\\\\firebase-admin\\\\lib\\\\index.js\"}}"}}
[debug] [2021-05-30T04:46:40.724Z] [runtime-status] [2744] Trigger "api" has been found, beginning invocation! {"metadata":{"emulator":{"name":"functions"},"function":{"name":"api"},"message":"[runtime-status] [2744] Trigger \"api\" has been found, beginning invocation!"}}
[info] i  functions: Beginning execution of "api" {"metadata":{"emulator":{"name":"functions"},"function":{"name":"api"},"message":"Beginning execution of \"api\""}}
[debug] [2021-05-30T04:46:40.727Z] [runtime-status] [2744] triggerDefinition {"httpsTrigger":{},"name":"api","entryPoint":"api"} {"metadata":{"emulator":{"name":"functions"},"function":{"name":"api"},"message":"[runtime-status] [2744] triggerDefinition {\"httpsTrigger\":{},\"name\":\"api\",\"entryPoint\":\"api\"}"}}
[debug] [2021-05-30T04:46:40.728Z] [runtime-status] [2744] Running api in mode HTTPS {"metadata":{"emulator":{"name":"functions"},"function":{"name":"api"},"message":"[runtime-status] [2744] Running api in mode HTTPS"}}
[debug] [2021-05-30T04:46:40.737Z] [runtime-status] [2744] Attempting to listen to socketPath: \\?\pipe\D:\lab05\AC\amazonclone\functions\2744 {"metadata":{"emulator":{"name":"functions"},"function":{"name":"api"},"message":"[runtime-status] [2744] Attempting to listen to socketPath: \\\\?\\pipe\\D:\\lab05\\AC\\amazonclone\\functions\\2744"}}
[debug] [2021-05-30T04:46:40.747Z] [functions] Runtime ready! Sending request! {"metadata":{"emulator":{"name":"functions"},"message":"[functions] Runtime ready! Sending request!"}}
[debug] [2021-05-30T04:46:40.749Z] [functions] Got req.url=/clone-b75f7/us-central1/api/payments/create?total=65900, mapping to path=/payments/create?total=65900 {"metadata":{"emulator":{"name":"functions"},"message":"[functions] Got req.url=/clone-b75f7/us-central1/api/payments/create?total=65900, mapping to path=/payments/create?total=65900"}}
[debug] [2021-05-30T04:46:40.777Z] [runtime-status] [2744] Ephemeral server handling POST request {"metadata":{"emulator":{"name":"functions"},"function":{"name":"api"},"message":"[runtime-status] [2744] Ephemeral server handling POST request"}}
[info] >  payment Request recived Boom!! for this amount  65900 {"user":"payment Request recived Boom!! for this amount  65900","metadata":{"emulator":{"name":"functions"},"function":{"name":"api"},"message":"\u001b[90m> \u001b[39m payment Request recived Boom!! for this amount  65900"}}
[debug] [2021-05-30T04:46:40.810Z] [runtime-status] [2744] Ephemeral server survived. {"metadata":{"emulator":{"name":"functions"},"function":{"name":"api"},"message":"[runtime-status] [2744] Ephemeral server survived."}}
[info] i  functions: Finished "api" in ~1s {"metadata":{"emulator":{"name":"functions"},"function":{"name":"api"},"message":"Finished \"api\" in ~1s"}}
[debug] [2021-05-30T04:46:42.017Z] [worker-api-cd17203e-fe92-4e6c-bb6c-bdeaaa1ef0ef]: IDLE {"metadata":{"emulator":{"name":"functions"},"message":"[worker-api-cd17203e-fe92-4e6c-bb6c-bdeaaa1ef0ef]: IDLE"}}
[debug] [2021-05-30T04:46:42.018Z] [work-queue] {"queueLength":0,"workRunningCount":0}
[debug] [2021-05-30T04:46:55.176Z] [work-queue] {"queueLength":1,"workRunningCount":0}
[debug] [2021-05-30T04:46:55.177Z] [work-queue] {"queueLength":0,"workRunningCount":1}
[debug] [2021-05-30T04:46:55.177Z] Accepted request POST /clone-b75f7/us-central1/api/payments/create?total=0 --> api
[debug] [2021-05-30T04:46:55.178Z] [worker-pool] submitWork(triggerId=api) {"metadata":{"emulator":{"name":"functions"},"message":"[worker-pool] submitWork(triggerId=api)"}}
[debug] [2021-05-30T04:46:55.178Z] [worker-api-cd17203e-fe92-4e6c-bb6c-bdeaaa1ef0ef]: Assigning socketPath: \\?\pipe\D:\lab05\AC\amazonclone\functions\2744 {"metadata":{"emulator":{"name":"functions"},"message":"[worker-api-cd17203e-fe92-4e6c-bb6c-bdeaaa1ef0ef]: Assigning socketPath: \\\\?\\pipe\\D:\\lab05\\AC\\amazonclone\\functions\\2744"}}
[debug] [2021-05-30T04:46:55.179Z] [worker-api-cd17203e-fe92-4e6c-bb6c-bdeaaa1ef0ef]: BUSY {"metadata":{"emulator":{"name":"functions"},"message":"[worker-api-cd17203e-fe92-4e6c-bb6c-bdeaaa1ef0ef]: BUSY"}}
[debug] [2021-05-30T04:46:55.181Z] [runtime-status] [2744] Trigger "api" has been found, beginning invocation! {"metadata":{"emulator":{"name":"functions"},"function":{"name":"api"},"message":"[runtime-status] [2744] Trigger \"api\" has been found, beginning invocation!"}}
[info] i  functions: Beginning execution of "api" {"metadata":{"emulator":{"name":"functions"},"function":{"name":"api"},"message":"Beginning execution of \"api\""}}
[debug] [2021-05-30T04:46:55.187Z] [runtime-status] [2744] triggerDefinition {"httpsTrigger":{},"name":"api","entryPoint":"api"} {"metadata":{"emulator":{"name":"functions"},"function":{"name":"api"},"message":"[runtime-status] [2744] triggerDefinition {\"httpsTrigger\":{},\"name\":\"api\",\"entryPoint\":\"api\"}"}}
[debug] [2021-05-30T04:46:55.189Z] [runtime-status] [2744] Running api in mode HTTPS {"metadata":{"emulator":{"name":"functions"},"function":{"name":"api"},"message":"[runtime-status] [2744] Running api in mode HTTPS"}}
[debug] [2021-05-30T04:46:55.190Z] [runtime-status] [2744] Attempting to listen to socketPath: \\?\pipe\D:\lab05\AC\amazonclone\functions\2744 {"metadata":{"emulator":{"name":"functions"},"function":{"name":"api"},"message":"[runtime-status] [2744] Attempting to listen to socketPath: \\\\?\\pipe\\D:\\lab05\\AC\\amazonclone\\functions\\2744"}}
[debug] [2021-05-30T04:46:55.194Z] [functions] Runtime ready! Sending request! {"metadata":{"emulator":{"name":"functions"},"message":"[functions] Runtime ready! Sending request!"}}
[debug] [2021-05-30T04:46:55.196Z] [functions] Got req.url=/clone-b75f7/us-central1/api/payments/create?total=0, mapping to path=/payments/create?total=0 {"metadata":{"emulator":{"name":"functions"},"message":"[functions] Got req.url=/clone-b75f7/us-central1/api/payments/create?total=0, mapping to path=/payments/create?total=0"}}
[debug] [2021-05-30T04:46:55.204Z] [runtime-status] [2744] Ephemeral server handling POST request {"metadata":{"emulator":{"name":"functions"},"function":{"name":"api"},"message":"[runtime-status] [2744] Ephemeral server handling POST request"}}
[info] >  payment Request recived Boom!! for this amount  0 {"user":"payment Request recived Boom!! for this amount  0","metadata":{"emulator":{"name":"functions"},"function":{"name":"api"},"message":"\u001b[90m> \u001b[39m payment Request recived Boom!! for this amount  0"}}
[debug] [2021-05-30T04:46:55.210Z] [runtime-status] [2744] Ephemeral server survived. {"metadata":{"emulator":{"name":"functions"},"function":{"name":"api"},"message":"[runtime-status] [2744] Ephemeral server survived."}}
[info] >  (node:2744) UnhandledPromiseRejectionWarning: Error: This value must be greater than or equal to 1. {"user":"(node:2744) UnhandledPromiseRejectionWarning: Error: This value must be greater than or equal to 1.","metadata":{"emulator":{"name":"functions"},"function":{"name":"api"},"message":"\u001b[90m> \u001b[39m (node:2744) UnhandledPromiseRejectionWarning: Error: This value must be greater than or equal to 1."}}
[info] >      at Function.generate (D:\lab05\AC\amazonclone\functions\node_modules\stripe\lib\Error.js:40:16) {"user":"    at Function.generate (D:\\lab05\\AC\\amazonclone\\functions\\node_modules\\stripe\\lib\\Error.js:40:16)","metadata":{"emulator":{"name":"functions"},"function":{"name":"api"},"message":"\u001b[90m> \u001b[39m     at Function.generate (D:\\lab05\\AC\\amazonclone\\functions\\node_modules\\stripe\\lib\\Error.js:40:16)"}}
[info] >      at IncomingMessage.<anonymous> (D:\lab05\AC\amazonclone\functions\node_modules\stripe\lib\StripeResource.js:180:33) {"user":"    at IncomingMessage.<anonymous> (D:\\lab05\\AC\\amazonclone\\functions\\node_modules\\stripe\\lib\\StripeResource.js:180:33)","metadata":{"emulator":{"name":"functions"},"function":{"name":"api"},"message":"\u001b[90m> \u001b[39m     at IncomingMessage.<anonymous> (D:\\lab05\\AC\\amazonclone\\functions\\node_modules\\stripe\\lib\\StripeResource.js:180:33)"}}
[info] >      at Object.onceWrapper (events.js:420:28) {"user":"    at Object.onceWrapper (events.js:420:28)","metadata":{"emulator":{"name":"functions"},"function":{"name":"api"},"message":"\u001b[90m> \u001b[39m     at Object.onceWrapper (events.js:420:28)"}}
[info] >      at IncomingMessage.emit (events.js:326:22) {"user":"    at IncomingMessage.emit (events.js:326:22)","metadata":{"emulator":{"name":"functions"},"function":{"name":"api"},"message":"\u001b[90m> \u001b[39m     at IncomingMessage.emit (events.js:326:22)"}}
[info] >      at endReadableNT (_stream_readable.js:1252:12) {"user":"    at endReadableNT (_stream_readable.js:1252:12)","metadata":{"emulator":{"name":"functions"},"function":{"name":"api"},"message":"\u001b[90m> \u001b[39m     at endReadableNT (_stream_readable.js:1252:12)"}}
[info] >      at processTicksAndRejections (internal/process/task_queues.js:80:21) {"user":"    at processTicksAndRejections (internal/process/task_queues.js:80:21)","metadata":{"emulator":{"name":"functions"},"function":{"name":"api"},"message":"\u001b[90m> \u001b[39m     at processTicksAndRejections (internal/process/task_queues.js:80:21)"}}
[info] >  (Use `node --trace-warnings ...` to show where the warning was created) {"user":"(Use `node --trace-warnings ...` to show where the warning was created)","metadata":{"emulator":{"name":"functions"},"function":{"name":"api"},"message":"\u001b[90m> \u001b[39m (Use `node --trace-warnings ...` to show where the warning was created)"}}
[info] >  (node:2744) UnhandledPromiseRejectionWarning: Unhandled promise rejection. This error originated either by throwing inside of an async function without a catch block, or by rejecting a promise which was not handled with .catch(). To terminate the node process on unhandled promise rejection, use the CLI flag `--unhandled-rejections=strict` (see https://nodejs.org/api/cli.html#cli_unhandled_rejections_mode). (rejection id: 1) {"user":"(node:2744) UnhandledPromiseRejectionWarning: Unhandled promise rejection. This error originated either by throwing inside of an async function without a catch block, or by rejecting a promise which was not handled with .catch(). To terminate the node process on unhandled promise rejection, use the CLI flag `--unhandled-rejections=strict` (see https://nodejs.org/api/cli.html#cli_unhandled_rejections_mode). (rejection id: 1)","metadata":{"emulator":{"name":"functions"},"function":{"name":"api"},"message":"\u001b[90m> \u001b[39m (node:2744) UnhandledPromiseRejectionWarning: Unhandled promise rejection. This error originated either by throwing inside of an async function without a catch block, or by rejecting a promise which was not handled with .catch(). To terminate the node process on unhandled promise rejection, use the CLI flag `--unhandled-rejections=strict` (see https://nodejs.org/api/cli.html#cli_unhandled_rejections_mode). (rejection id: 1)"}}
[info] >  (node:2744) [DEP0018] DeprecationWarning: Unhandled promise rejections are deprecated. In the future, promise rejections that are not handled will terminate the Node.js process with a non-zero exit code. {"user":"(node:2744) [DEP0018] DeprecationWarning: Unhandled promise rejections are deprecated. In the future, promise rejections that are not handled will terminate the Node.js process with a non-zero exit code.","metadata":{"emulator":{"name":"functions"},"function":{"name":"api"},"message":"\u001b[90m> \u001b[39m (node:2744) [DEP0018] DeprecationWarning: Unhandled promise rejections are deprecated. In the future, promise rejections that are not handled will terminate the Node.js process with a non-zero exit code."}}
[warn] !  functions: Your function timed out after ~60s. To configure this timeout, see
      https://firebase.google.com/docs/functions/manage-functions#set_timeout_and_memory_allocation. {"metadata":{"emulator":{"name":"functions"},"function":{"name":"api"},"message":"Your function timed out after ~60s. To configure this timeout, see\n      https://firebase.google.com/docs/functions/manage-functions#set_timeout_and_memory_allocation."}}
[info] >  C:\Users\LENOVO\AppData\Roaming\npm\node_modules\firebase-tools\lib\emulator\functionsEmulatorRuntime.js:648 {"user":"C:\\Users\\LENOVO\\AppData\\Roaming\\npm\\node_modules\\firebase-tools\\lib\\emulator\\functionsEmulatorRuntime.js:648\r","metadata":{"emulator":{"name":"functions"},"function":{"name":"api"},"message":"\u001b[90m> \u001b[39m C:\\Users\\LENOVO\\AppData\\Roaming\\npm\\node_modules\\firebase-tools\\lib\\emulator\\functionsEmulatorRuntime.js:648\r"}}
[info] >              throw new Error("Function timed out."); {"user":"            throw new Error(\"Function timed out.\");\r","metadata":{"emulator":{"name":"functions"},"function":{"name":"api"},"message":"\u001b[90m> \u001b[39m             throw new Error(\"Function timed out.\");\r"}}
[info] >              ^ {"user":"            ^\r","metadata":{"emulator":{"name":"functions"},"function":{"name":"api"},"message":"\u001b[90m> \u001b[39m             ^\r"}}
[info] >   {"user":"\r","metadata":{"emulator":{"name":"functions"},"function":{"name":"api"},"message":"\u001b[90m> \u001b[39m \r"}}
[info] >  Error: Function timed out. {"user":"Error: Function timed out.\r","metadata":{"emulator":{"name":"functions"},"function":{"name":"api"},"message":"\u001b[90m> \u001b[39m Error: Function timed out.\r"}}
[info] >      at Timeout._onTimeout (C:\Users\LENOVO\AppData\Roaming\npm\node_modules\firebase-tools\lib\emulator\functionsEmulatorRuntime.js:648:19) {"user":"    at Timeout._onTimeout (C:\\Users\\LENOVO\\AppData\\Roaming\\npm\\node_modules\\firebase-tools\\lib\\emulator\\functionsEmulatorRuntime.js:648:19)\r","metadata":{"emulator":{"name":"functions"},"function":{"name":"api"},"message":"\u001b[90m> \u001b[39m     at Timeout._onTimeout (C:\\Users\\LENOVO\\AppData\\Roaming\\npm\\node_modules\\firebase-tools\\lib\\emulator\\functionsEmulatorRuntime.js:648:19)\r"}}
[info] >      at listOnTimeout (internal/timers.js:554:17) {"user":"    at listOnTimeout (internal/timers.js:554:17)\r","metadata":{"emulator":{"name":"functions"},"function":{"name":"api"},"message":"\u001b[90m> \u001b[39m     at listOnTimeout (internal/timers.js:554:17)\r"}}
[info] >      at processTimers (internal/timers.js:497:7) {"user":"    at processTimers (internal/timers.js:497:7)\r","metadata":{"emulator":{"name":"functions"},"function":{"name":"api"},"message":"\u001b[90m> \u001b[39m     at processTimers (internal/timers.js:497:7)\r"}}
[debug] [2021-05-30T04:47:55.275Z] [worker-api-cd17203e-fe92-4e6c-bb6c-bdeaaa1ef0ef]: exited {"metadata":{"emulator":{"name":"functions"},"message":"[worker-api-cd17203e-fe92-4e6c-bb6c-bdeaaa1ef0ef]: exited"}}
[debug] [2021-05-30T04:47:55.276Z] [worker-api-cd17203e-fe92-4e6c-bb6c-bdeaaa1ef0ef]: FINISHED {"metadata":{"emulator":{"name":"functions"},"message":"[worker-api-cd17203e-fe92-4e6c-bb6c-bdeaaa1ef0ef]: FINISHED"}}
[debug] [2021-05-30T04:47:55.276Z] [work-queue] {"queueLength":0,"workRunningCount":0}
