[debug] [2021-05-30T06:01:38.214Z] ----------------------------------------------------------------------
[debug] [2021-05-30T06:01:38.220Z] Command:       C:\Program Files\nodejs\node.exe C:\Users\LENOVO\AppData\Roaming\npm\node_modules\firebase-tools\lib\bin\firebase.js emulators:start
[debug] [2021-05-30T06:01:38.221Z] CLI Version:   9.11.0
[debug] [2021-05-30T06:01:38.221Z] Platform:      win32
[debug] [2021-05-30T06:01:38.222Z] Node Version:  v14.13.1
[debug] [2021-05-30T06:01:38.275Z] Time:          Sun May 30 2021 11:31:38 GMT+0530 (India Standard Time)
[debug] [2021-05-30T06:01:38.275Z] ----------------------------------------------------------------------
[debug] 
[debug] [2021-05-30T06:01:38.506Z] > command requires scopes: ["email","openid","https://www.googleapis.com/auth/cloudplatformprojects.readonly","https://www.googleapis.com/auth/firebase","https://www.googleapis.com/auth/cloud-platform"]
[debug] [2021-05-30T06:01:38.507Z] > authorizing via signed-in user (30octaksharma@gmail.com)
[info] i  emulators: Starting emulators: functions, hosting {"metadata":{"emulator":{"name":"hub"},"message":"Starting emulators: functions, hosting"}}
[warn] !  emulators: It seems that you are running multiple instances of the emulator suite for project clone-b75f7. This may result in unexpected behavior. 
[debug] [2021-05-30T06:01:38.584Z] [hub] writing locator at C:\Users\LENOVO\AppData\Local\Temp\hub-clone-b75f7.json
[warn] !  functions: The following emulators are not running, calls to these services from the Functions emulator will affect production: auth, firestore, database, pubsub, storage {"metadata":{"emulator":{"name":"functions"},"message":"The following emulators are not running, calls to these services from the Functions emulator will affect production: \u001b[1mauth, firestore, database, pubsub, storage\u001b[22m"}}
[warn] !  Your requested "node" version "12" doesn't match your global version "14" {"metadata":{"emulator":{"name":"functions"},"message":"Your requested \"node\" version \"12\" doesn't match your global version \"14\""}}
[debug] [2021-05-30T06:01:38.828Z] defaultcredentials: writing to file C:\Users\LENOVO\AppData\Roaming\firebase\30octaksharma_gmail_com_application_default_credentials.json
[debug] [2021-05-30T06:01:38.968Z] Setting GAC to C:\Users\LENOVO\AppData\Roaming\firebase\30octaksharma_gmail_com_application_default_credentials.json {"metadata":{"emulator":{"name":"functions"},"message":"Setting GAC to C:\\Users\\LENOVO\\AppData\\Roaming\\firebase\\30octaksharma_gmail_com_application_default_credentials.json"}}
[debug] [2021-05-30T06:01:38.972Z] > refreshing access token with scopes: []
[debug] [2021-05-30T06:01:38.974Z] >>> HTTP REQUEST POST https://www.googleapis.com/oauth2/v3/token  
 <request body omitted>
[debug] [2021-05-30T06:01:39.398Z] <<< HTTP RESPONSE 200 {"expires":"Mon, 01 Jan 1990 00:00:00 GMT","date":"Sun, 30 May 2021 06:01:39 GMT","pragma":"no-cache","cache-control":"no-cache, no-store, max-age=0, must-revalidate","content-type":"application/json; charset=utf-8","vary":"X-Origin, Referer, Origin,Accept-Encoding","server":"scaffolding on HTTPServer2","x-xss-protection":"0","x-frame-options":"SAMEORIGIN","x-content-type-options":"nosniff","alt-svc":"h3-29=\":443\"; ma=2592000,h3-T051=\":443\"; ma=2592000,h3-Q050=\":443\"; ma=2592000,h3-Q046=\":443\"; ma=2592000,h3-Q043=\":443\"; ma=2592000,quic=\":443\"; ma=2592000; v=\"46,43\"","accept-ranges":"none","transfer-encoding":"chunked"}
[debug] [2021-05-30T06:01:39.821Z] >>> [apiv2][query] GET https://firebase.googleapis.com/v1beta1/projects/clone-b75f7/adminSdkConfig [none]
[debug] [2021-05-30T06:01:40.659Z] <<< [apiv2][status] GET https://firebase.googleapis.com/v1beta1/projects/clone-b75f7/adminSdkConfig 200
[debug] [2021-05-30T06:01:40.660Z] <<< [apiv2][body] GET https://firebase.googleapis.com/v1beta1/projects/clone-b75f7/adminSdkConfig {"projectId":"clone-b75f7","databaseURL":"https://clone-b75f7-default-rtdb.firebaseio.com","storageBucket":"clone-b75f7.appspot.com","locationId":"us-central"}
[debug] [2021-05-30T06:01:40.929Z] >>> [apiv2][query] GET https://firebasehosting.googleapis.com/v1beta1/projects/clone-b75f7/sites 
[debug] [2021-05-30T06:01:43.095Z] <<< [apiv2][status] GET https://firebasehosting.googleapis.com/v1beta1/projects/clone-b75f7/sites 200
[debug] [2021-05-30T06:01:43.096Z] <<< [apiv2][body] GET https://firebasehosting.googleapis.com/v1beta1/projects/clone-b75f7/sites {"sites":[{"name":"projects/53990060203/sites/clone-b75f7","defaultUrl":"https://clone-b75f7.web.app","appId":"1:53990060203:web:9b065a694c9f84b1aa47ee","type":"DEFAULT_SITE"}]}
[debug] [2021-05-30T06:01:43.097Z] >>> [apiv2][query] GET https://firebase.googleapis.com/v1beta1/projects/clone-b75f7/webApps/1:53990060203:web:9b065a694c9f84b1aa47ee/config [none]
[debug] [2021-05-30T06:01:44.655Z] <<< [apiv2][status] GET https://firebase.googleapis.com/v1beta1/projects/clone-b75f7/webApps/1:53990060203:web:9b065a694c9f84b1aa47ee/config 200
[debug] [2021-05-30T06:01:44.655Z] <<< [apiv2][body] GET https://firebase.googleapis.com/v1beta1/projects/clone-b75f7/webApps/1:53990060203:web:9b065a694c9f84b1aa47ee/config {"projectId":"clone-b75f7","appId":"1:53990060203:web:9b065a694c9f84b1aa47ee","databaseURL":"https://clone-b75f7-default-rtdb.firebaseio.com","storageBucket":"clone-b75f7.appspot.com","locationId":"us-central","apiKey":"AIzaSyCmHgiAn-wJNAWevkmDlEjRD015fMUOHGE","authDomain":"clone-b75f7.firebaseapp.com","messagingSenderId":"53990060203","measurementId":"G-KLTENT512S"}
[info] i  hosting: Serving hosting files from: build {"metadata":{"emulator":{"name":"hosting"},"message":"Serving hosting files from: \u001b[1mbuild\u001b[22m"}}
[info] +  hosting: Local server: http://localhost:5000 {"metadata":{"emulator":{"name":"hosting"},"message":"Local server: \u001b[4m\u001b[1mhttp://localhost:5000\u001b[22m\u001b[24m"}}
[warn] !  ui: Emulator UI unable to start on port 4000, starting on 4001 instead. {"metadata":{"emulator":{"name":"ui"},"message":"Emulator UI unable to start on port 4000, starting on 4001 instead."}}
[debug] [2021-05-30T06:01:45.439Z] Ignoring unsupported arg: auto_download {"metadata":{"emulator":{"name":"ui"},"message":"Ignoring unsupported arg: auto_download"}}
[debug] [2021-05-30T06:01:45.440Z] Ignoring unsupported arg: port {"metadata":{"emulator":{"name":"ui"},"message":"Ignoring unsupported arg: port"}}
[debug] [2021-05-30T06:01:45.440Z] Starting Emulator UI with command {"binary":"node","args":["C:\\Users\\LENOVO\\.cache\\firebase\\emulators\\ui-v1.5.0\\server.bundle.js"],"optionalArgs":[],"joinArgs":false} {"metadata":{"emulator":{"name":"ui"},"message":"Starting Emulator UI with command {\"binary\":\"node\",\"args\":[\"C:\\\\Users\\\\LENOVO\\\\.cache\\\\firebase\\\\emulators\\\\ui-v1.5.0\\\\server.bundle.js\"],\"optionalArgs\":[],\"joinArgs\":false}"}}
[info] i  ui: Emulator UI logging to ui-debug.log {"metadata":{"emulator":{"name":"ui"},"message":"Emulator UI logging to \u001b[1mui-debug.log\u001b[22m"}}
[debug] [2021-05-30T06:01:46.071Z] Web / API server started at http://localhost:4001
 {"metadata":{"emulator":{"name":"ui"},"message":"Web / API server started at http://localhost:4001\n"}}
[info] i  functions: Watching "D:\lab05\AC\amazonclone\functions" for Cloud Functions... {"metadata":{"emulator":{"name":"functions"},"message":"Watching \"D:\\lab05\\AC\\amazonclone\\functions\" for Cloud Functions..."}}
[debug] [2021-05-30T06:01:46.271Z] [worker-pool] addWorker(~diagnostic~) {"metadata":{"emulator":{"name":"functions"},"message":"[worker-pool] addWorker(~diagnostic~)"}}
[debug] [2021-05-30T06:01:46.272Z] [worker-pool] Adding worker with key ~diagnostic~, total=1 {"metadata":{"emulator":{"name":"functions"},"message":"[worker-pool] Adding worker with key ~diagnostic~, total=1"}}
[debug] [2021-05-30T06:01:46.272Z] [worker-pool] submitWork(triggerId=) {"metadata":{"emulator":{"name":"functions"},"message":"[worker-pool] submitWork(triggerId=)"}}
[debug] [2021-05-30T06:01:46.273Z] [worker-~diagnostic~-33b7acb8-5402-4ab1-929f-9e1b2bf4090d]: Assigning socketPath: \\?\pipe\D:\lab05\AC\amazonclone\functions\1980 {"metadata":{"emulator":{"name":"functions"},"message":"[worker-~diagnostic~-33b7acb8-5402-4ab1-929f-9e1b2bf4090d]: Assigning socketPath: \\\\?\\pipe\\D:\\lab05\\AC\\amazonclone\\functions\\1980"}}
[debug] [2021-05-30T06:01:46.274Z] [worker-~diagnostic~-33b7acb8-5402-4ab1-929f-9e1b2bf4090d]: BUSY {"metadata":{"emulator":{"name":"functions"},"message":"[worker-~diagnostic~-33b7acb8-5402-4ab1-929f-9e1b2bf4090d]: BUSY"}}
[debug] [2021-05-30T06:01:47.227Z] [runtime-status] [1980] Functions runtime initialized. {"cwd":"D:\\lab05\\AC\\amazonclone\\functions","node_version":"14.13.1"} {"metadata":{"emulator":{"name":"functions"},"message":"[runtime-status] [1980] Functions runtime initialized. {\"cwd\":\"D:\\\\lab05\\\\AC\\\\amazonclone\\\\functions\",\"node_version\":\"14.13.1\"}"}}
[debug] [2021-05-30T06:01:47.233Z] [runtime-status] [1980] Disabled runtime features: undefined {"metadata":{"emulator":{"name":"functions"},"message":"[runtime-status] [1980] Disabled runtime features: undefined"}}
[debug] [2021-05-30T06:01:47.365Z] [runtime-status] [1980] Resolved module firebase-admin {"declared":true,"installed":true,"version":"9.8.0","resolution":"D:\\lab05\\AC\\amazonclone\\functions\\node_modules\\firebase-admin\\lib\\index.js"} {"metadata":{"emulator":{"name":"functions"},"message":"[runtime-status] [1980] Resolved module firebase-admin {\"declared\":true,\"installed\":true,\"version\":\"9.8.0\",\"resolution\":\"D:\\\\lab05\\\\AC\\\\amazonclone\\\\functions\\\\node_modules\\\\firebase-admin\\\\lib\\\\index.js\"}"}}
[debug] [2021-05-30T06:01:47.706Z] [runtime-status] [1980] Resolved module firebase-functions {"declared":true,"installed":true,"version":"3.14.1","resolution":"D:\\lab05\\AC\\amazonclone\\functions\\node_modules\\firebase-functions\\lib\\index.js"} {"metadata":{"emulator":{"name":"functions"},"message":"[runtime-status] [1980] Resolved module firebase-functions {\"declared\":true,\"installed\":true,\"version\":\"3.14.1\",\"resolution\":\"D:\\\\lab05\\\\AC\\\\amazonclone\\\\functions\\\\node_modules\\\\firebase-functions\\\\lib\\\\index.js\"}"}}
[debug] [2021-05-30T06:01:47.712Z] [runtime-status] [1980] Resolved module firebase-functions {"declared":true,"installed":true,"version":"3.14.1","resolution":"D:\\lab05\\AC\\amazonclone\\functions\\node_modules\\firebase-functions\\lib\\index.js"} {"metadata":{"emulator":{"name":"functions"},"message":"[runtime-status] [1980] Resolved module firebase-functions {\"declared\":true,\"installed\":true,\"version\":\"3.14.1\",\"resolution\":\"D:\\\\lab05\\\\AC\\\\amazonclone\\\\functions\\\\node_modules\\\\firebase-functions\\\\lib\\\\index.js\"}"}}
[debug] [2021-05-30T06:01:47.720Z] [runtime-status] [1980] Outgoing network have been stubbed. [{"name":"http","status":"mocked"},{"name":"http","status":"mocked"},{"name":"https","status":"mocked"},{"name":"https","status":"mocked"},{"name":"net","status":"mocked"}] {"metadata":{"emulator":{"name":"functions"},"message":"[runtime-status] [1980] Outgoing network have been stubbed. [{\"name\":\"http\",\"status\":\"mocked\"},{\"name\":\"http\",\"status\":\"mocked\"},{\"name\":\"https\",\"status\":\"mocked\"},{\"name\":\"https\",\"status\":\"mocked\"},{\"name\":\"net\",\"status\":\"mocked\"}]"}}
[debug] [2021-05-30T06:01:47.724Z] [runtime-status] [1980] Resolved module firebase-functions {"declared":true,"installed":true,"version":"3.14.1","resolution":"D:\\lab05\\AC\\amazonclone\\functions\\node_modules\\firebase-functions\\lib\\index.js"} {"metadata":{"emulator":{"name":"functions"},"message":"[runtime-status] [1980] Resolved module firebase-functions {\"declared\":true,\"installed\":true,\"version\":\"3.14.1\",\"resolution\":\"D:\\\\lab05\\\\AC\\\\amazonclone\\\\functions\\\\node_modules\\\\firebase-functions\\\\lib\\\\index.js\"}"}}
[debug] [2021-05-30T06:01:55.266Z] [runtime-status] [1980] Checked functions.config() {"config":{}} {"metadata":{"emulator":{"name":"functions"},"message":"[runtime-status] [1980] Checked functions.config() {\"config\":{}}"}}
[debug] [2021-05-30T06:01:55.267Z] [runtime-status] [1980] firebase-functions has been stubbed. {"functionsResolution":{"declared":true,"installed":true,"version":"3.14.1","resolution":"D:\\lab05\\AC\\amazonclone\\functions\\node_modules\\firebase-functions\\lib\\index.js"}} {"metadata":{"emulator":{"name":"functions"},"message":"[runtime-status] [1980] firebase-functions has been stubbed. {\"functionsResolution\":{\"declared\":true,\"installed\":true,\"version\":\"3.14.1\",\"resolution\":\"D:\\\\lab05\\\\AC\\\\amazonclone\\\\functions\\\\node_modules\\\\firebase-functions\\\\lib\\\\index.js\"}}"}}
[debug] [2021-05-30T06:01:55.268Z] [runtime-status] [1980] Resolved module firebase-functions {"declared":true,"installed":true,"version":"3.14.1","resolution":"D:\\lab05\\AC\\amazonclone\\functions\\node_modules\\firebase-functions\\lib\\index.js"} {"metadata":{"emulator":{"name":"functions"},"message":"[runtime-status] [1980] Resolved module firebase-functions {\"declared\":true,\"installed\":true,\"version\":\"3.14.1\",\"resolution\":\"D:\\\\lab05\\\\AC\\\\amazonclone\\\\functions\\\\node_modules\\\\firebase-functions\\\\lib\\\\index.js\"}"}}
[debug] [2021-05-30T06:01:55.273Z] [runtime-status] [1980] Resolved module firebase-admin {"declared":true,"installed":true,"version":"9.8.0","resolution":"D:\\lab05\\AC\\amazonclone\\functions\\node_modules\\firebase-admin\\lib\\index.js"} {"metadata":{"emulator":{"name":"functions"},"message":"[runtime-status] [1980] Resolved module firebase-admin {\"declared\":true,\"installed\":true,\"version\":\"9.8.0\",\"resolution\":\"D:\\\\lab05\\\\AC\\\\amazonclone\\\\functions\\\\node_modules\\\\firebase-admin\\\\lib\\\\index.js\"}"}}
[debug] [2021-05-30T06:01:55.275Z] [runtime-status] [1980] Resolved module firebase-functions {"declared":true,"installed":true,"version":"3.14.1","resolution":"D:\\lab05\\AC\\amazonclone\\functions\\node_modules\\firebase-functions\\lib\\index.js"} {"metadata":{"emulator":{"name":"functions"},"message":"[runtime-status] [1980] Resolved module firebase-functions {\"declared\":true,\"installed\":true,\"version\":\"3.14.1\",\"resolution\":\"D:\\\\lab05\\\\AC\\\\amazonclone\\\\functions\\\\node_modules\\\\firebase-functions\\\\lib\\\\index.js\"}"}}
[debug] [2021-05-30T06:01:55.276Z] [runtime-status] [1980] firebase-admin has been stubbed. {"adminResolution":{"declared":true,"installed":true,"version":"9.8.0","resolution":"D:\\lab05\\AC\\amazonclone\\functions\\node_modules\\firebase-admin\\lib\\index.js"}} {"metadata":{"emulator":{"name":"functions"},"message":"[runtime-status] [1980] firebase-admin has been stubbed. {\"adminResolution\":{\"declared\":true,\"installed\":true,\"version\":\"9.8.0\",\"resolution\":\"D:\\\\lab05\\\\AC\\\\amazonclone\\\\functions\\\\node_modules\\\\firebase-admin\\\\lib\\\\index.js\"}}"}}
[info] +  functions[api]: http function initialized (http://localhost:5001/clone-b75f7/us-central1/api). {"metadata":{"emulator":{"name":"functions"},"message":"\u001b[1mhttp\u001b[22m function initialized (http://localhost:5001/clone-b75f7/us-central1/api)."}}
[info] 
┌─────────────────────────────────────────────────────────────┐
│ ✔  All emulators ready! It is now safe to connect your app. │
│ i  View Emulator UI at http://localhost:4001                │
└─────────────────────────────────────────────────────────────┘

┌───────────┬────────────────┬─────────────────────────────────┐
│ Emulator  │ Host:Port      │ View in Emulator UI             │
├───────────┼────────────────┼─────────────────────────────────┤
│ Functions │ localhost:5001 │ http://localhost:4001/functions │
├───────────┼────────────────┼─────────────────────────────────┤
│ Hosting   │ localhost:5000 │ n/a                             │
└───────────┴────────────────┴─────────────────────────────────┘
  Emulator Hub running at localhost:4400
  Other reserved ports: 4500

Issues? Report them at https://github.com/firebase/firebase-tools/issues and attach the *-debug.log files.
 
[debug] [2021-05-30T06:02:05.263Z] [worker-~diagnostic~-33b7acb8-5402-4ab1-929f-9e1b2bf4090d]: IDLE {"metadata":{"emulator":{"name":"functions"},"message":"[worker-~diagnostic~-33b7acb8-5402-4ab1-929f-9e1b2bf4090d]: IDLE"}}
[debug] [2021-05-30T06:15:42.303Z] [work-queue] {"queueLength":1,"workRunningCount":0}
[debug] [2021-05-30T06:15:42.305Z] [work-queue] {"queueLength":0,"workRunningCount":1}
[debug] [2021-05-30T06:15:42.306Z] Accepted request POST /clone-b75f7/us-central1/api/payments/create?total=259900 --> api
[debug] [2021-05-30T06:15:42.360Z] [worker-pool] addWorker(api) {"metadata":{"emulator":{"name":"functions"},"message":"[worker-pool] addWorker(api)"}}
[debug] [2021-05-30T06:15:42.361Z] [worker-pool] Adding worker with key api, total=1 {"metadata":{"emulator":{"name":"functions"},"message":"[worker-pool] Adding worker with key api, total=1"}}
[debug] [2021-05-30T06:15:42.361Z] [worker-pool] submitWork(triggerId=api) {"metadata":{"emulator":{"name":"functions"},"message":"[worker-pool] submitWork(triggerId=api)"}}
[debug] [2021-05-30T06:15:42.362Z] [worker-api-62a496e9-0a1c-472d-81ef-5c4dc4201f17]: Assigning socketPath: \\?\pipe\D:\lab05\AC\amazonclone\functions\1804 {"metadata":{"emulator":{"name":"functions"},"message":"[worker-api-62a496e9-0a1c-472d-81ef-5c4dc4201f17]: Assigning socketPath: \\\\?\\pipe\\D:\\lab05\\AC\\amazonclone\\functions\\1804"}}
[debug] [2021-05-30T06:15:42.363Z] [worker-api-62a496e9-0a1c-472d-81ef-5c4dc4201f17]: BUSY {"metadata":{"emulator":{"name":"functions"},"message":"[worker-api-62a496e9-0a1c-472d-81ef-5c4dc4201f17]: BUSY"}}
[debug] [2021-05-30T06:15:46.207Z] [runtime-status] [1804] Functions runtime initialized. {"cwd":"D:\\lab05\\AC\\amazonclone\\functions","node_version":"14.13.1"} {"metadata":{"emulator":{"name":"functions"},"function":{"name":"api"},"message":"[runtime-status] [1804] Functions runtime initialized. {\"cwd\":\"D:\\\\lab05\\\\AC\\\\amazonclone\\\\functions\",\"node_version\":\"14.13.1\"}"}}
[debug] [2021-05-30T06:15:46.219Z] [runtime-status] [1804] Disabled runtime features: undefined {"metadata":{"emulator":{"name":"functions"},"function":{"name":"api"},"message":"[runtime-status] [1804] Disabled runtime features: undefined"}}
[debug] [2021-05-30T06:15:46.263Z] [runtime-status] [1804] Resolved module firebase-admin {"declared":true,"installed":true,"version":"9.8.0","resolution":"D:\\lab05\\AC\\amazonclone\\functions\\node_modules\\firebase-admin\\lib\\index.js"} {"metadata":{"emulator":{"name":"functions"},"function":{"name":"api"},"message":"[runtime-status] [1804] Resolved module firebase-admin {\"declared\":true,\"installed\":true,\"version\":\"9.8.0\",\"resolution\":\"D:\\\\lab05\\\\AC\\\\amazonclone\\\\functions\\\\node_modules\\\\firebase-admin\\\\lib\\\\index.js\"}"}}
[debug] [2021-05-30T06:15:46.269Z] [runtime-status] [1804] Resolved module firebase-functions {"declared":true,"installed":true,"version":"3.14.1","resolution":"D:\\lab05\\AC\\amazonclone\\functions\\node_modules\\firebase-functions\\lib\\index.js"} {"metadata":{"emulator":{"name":"functions"},"function":{"name":"api"},"message":"[runtime-status] [1804] Resolved module firebase-functions {\"declared\":true,\"installed\":true,\"version\":\"3.14.1\",\"resolution\":\"D:\\\\lab05\\\\AC\\\\amazonclone\\\\functions\\\\node_modules\\\\firebase-functions\\\\lib\\\\index.js\"}"}}
[debug] [2021-05-30T06:15:46.277Z] [runtime-status] [1804] Resolved module firebase-functions {"declared":true,"installed":true,"version":"3.14.1","resolution":"D:\\lab05\\AC\\amazonclone\\functions\\node_modules\\firebase-functions\\lib\\index.js"} {"metadata":{"emulator":{"name":"functions"},"function":{"name":"api"},"message":"[runtime-status] [1804] Resolved module firebase-functions {\"declared\":true,\"installed\":true,\"version\":\"3.14.1\",\"resolution\":\"D:\\\\lab05\\\\AC\\\\amazonclone\\\\functions\\\\node_modules\\\\firebase-functions\\\\lib\\\\index.js\"}"}}
[debug] [2021-05-30T06:15:46.284Z] [runtime-status] [1804] Outgoing network have been stubbed. [{"name":"http","status":"mocked"},{"name":"http","status":"mocked"},{"name":"https","status":"mocked"},{"name":"https","status":"mocked"},{"name":"net","status":"mocked"}] {"metadata":{"emulator":{"name":"functions"},"function":{"name":"api"},"message":"[runtime-status] [1804] Outgoing network have been stubbed. [{\"name\":\"http\",\"status\":\"mocked\"},{\"name\":\"http\",\"status\":\"mocked\"},{\"name\":\"https\",\"status\":\"mocked\"},{\"name\":\"https\",\"status\":\"mocked\"},{\"name\":\"net\",\"status\":\"mocked\"}]"}}
[debug] [2021-05-30T06:15:46.287Z] [runtime-status] [1804] Resolved module firebase-functions {"declared":true,"installed":true,"version":"3.14.1","resolution":"D:\\lab05\\AC\\amazonclone\\functions\\node_modules\\firebase-functions\\lib\\index.js"} {"metadata":{"emulator":{"name":"functions"},"function":{"name":"api"},"message":"[runtime-status] [1804] Resolved module firebase-functions {\"declared\":true,\"installed\":true,\"version\":\"3.14.1\",\"resolution\":\"D:\\\\lab05\\\\AC\\\\amazonclone\\\\functions\\\\node_modules\\\\firebase-functions\\\\lib\\\\index.js\"}"}}
[debug] [2021-05-30T06:15:47.142Z] [runtime-status] [1804] Checked functions.config() {"config":{}} {"metadata":{"emulator":{"name":"functions"},"function":{"name":"api"},"message":"[runtime-status] [1804] Checked functions.config() {\"config\":{}}"}}
[debug] [2021-05-30T06:15:47.143Z] [runtime-status] [1804] firebase-functions has been stubbed. {"functionsResolution":{"declared":true,"installed":true,"version":"3.14.1","resolution":"D:\\lab05\\AC\\amazonclone\\functions\\node_modules\\firebase-functions\\lib\\index.js"}} {"metadata":{"emulator":{"name":"functions"},"function":{"name":"api"},"message":"[runtime-status] [1804] firebase-functions has been stubbed. {\"functionsResolution\":{\"declared\":true,\"installed\":true,\"version\":\"3.14.1\",\"resolution\":\"D:\\\\lab05\\\\AC\\\\amazonclone\\\\functions\\\\node_modules\\\\firebase-functions\\\\lib\\\\index.js\"}}"}}
[debug] [2021-05-30T06:15:47.145Z] [runtime-status] [1804] Resolved module firebase-functions {"declared":true,"installed":true,"version":"3.14.1","resolution":"D:\\lab05\\AC\\amazonclone\\functions\\node_modules\\firebase-functions\\lib\\index.js"} {"metadata":{"emulator":{"name":"functions"},"function":{"name":"api"},"message":"[runtime-status] [1804] Resolved module firebase-functions {\"declared\":true,\"installed\":true,\"version\":\"3.14.1\",\"resolution\":\"D:\\\\lab05\\\\AC\\\\amazonclone\\\\functions\\\\node_modules\\\\firebase-functions\\\\lib\\\\index.js\"}"}}
[debug] [2021-05-30T06:15:47.149Z] [runtime-status] [1804] Resolved module firebase-admin {"declared":true,"installed":true,"version":"9.8.0","resolution":"D:\\lab05\\AC\\amazonclone\\functions\\node_modules\\firebase-admin\\lib\\index.js"} {"metadata":{"emulator":{"name":"functions"},"function":{"name":"api"},"message":"[runtime-status] [1804] Resolved module firebase-admin {\"declared\":true,\"installed\":true,\"version\":\"9.8.0\",\"resolution\":\"D:\\\\lab05\\\\AC\\\\amazonclone\\\\functions\\\\node_modules\\\\firebase-admin\\\\lib\\\\index.js\"}"}}
[debug] [2021-05-30T06:15:47.150Z] [runtime-status] [1804] Resolved module firebase-functions {"declared":true,"installed":true,"version":"3.14.1","resolution":"D:\\lab05\\AC\\amazonclone\\functions\\node_modules\\firebase-functions\\lib\\index.js"} {"metadata":{"emulator":{"name":"functions"},"function":{"name":"api"},"message":"[runtime-status] [1804] Resolved module firebase-functions {\"declared\":true,\"installed\":true,\"version\":\"3.14.1\",\"resolution\":\"D:\\\\lab05\\\\AC\\\\amazonclone\\\\functions\\\\node_modules\\\\firebase-functions\\\\lib\\\\index.js\"}"}}
[debug] [2021-05-30T06:15:47.151Z] [runtime-status] [1804] firebase-admin has been stubbed. {"adminResolution":{"declared":true,"installed":true,"version":"9.8.0","resolution":"D:\\lab05\\AC\\amazonclone\\functions\\node_modules\\firebase-admin\\lib\\index.js"}} {"metadata":{"emulator":{"name":"functions"},"function":{"name":"api"},"message":"[runtime-status] [1804] firebase-admin has been stubbed. {\"adminResolution\":{\"declared\":true,\"installed\":true,\"version\":\"9.8.0\",\"resolution\":\"D:\\\\lab05\\\\AC\\\\amazonclone\\\\functions\\\\node_modules\\\\firebase-admin\\\\lib\\\\index.js\"}}"}}
[debug] [2021-05-30T06:15:49.276Z] [runtime-status] [1804] Trigger "api" has been found, beginning invocation! {"metadata":{"emulator":{"name":"functions"},"function":{"name":"api"},"message":"[runtime-status] [1804] Trigger \"api\" has been found, beginning invocation!"}}
[info] i  functions: Beginning execution of "api" {"metadata":{"emulator":{"name":"functions"},"function":{"name":"api"},"message":"Beginning execution of \"api\""}}
[debug] [2021-05-30T06:15:49.278Z] [runtime-status] [1804] triggerDefinition {"httpsTrigger":{},"name":"api","entryPoint":"api"} {"metadata":{"emulator":{"name":"functions"},"function":{"name":"api"},"message":"[runtime-status] [1804] triggerDefinition {\"httpsTrigger\":{},\"name\":\"api\",\"entryPoint\":\"api\"}"}}
[debug] [2021-05-30T06:15:49.279Z] [runtime-status] [1804] Running api in mode HTTPS {"metadata":{"emulator":{"name":"functions"},"function":{"name":"api"},"message":"[runtime-status] [1804] Running api in mode HTTPS"}}
[debug] [2021-05-30T06:15:49.288Z] [runtime-status] [1804] Attempting to listen to socketPath: \\?\pipe\D:\lab05\AC\amazonclone\functions\1804 {"metadata":{"emulator":{"name":"functions"},"function":{"name":"api"},"message":"[runtime-status] [1804] Attempting to listen to socketPath: \\\\?\\pipe\\D:\\lab05\\AC\\amazonclone\\functions\\1804"}}
[debug] [2021-05-30T06:15:49.308Z] [functions] Runtime ready! Sending request! {"metadata":{"emulator":{"name":"functions"},"message":"[functions] Runtime ready! Sending request!"}}
[debug] [2021-05-30T06:15:49.311Z] [functions] Got req.url=/clone-b75f7/us-central1/api/payments/create?total=259900, mapping to path=/payments/create?total=259900 {"metadata":{"emulator":{"name":"functions"},"message":"[functions] Got req.url=/clone-b75f7/us-central1/api/payments/create?total=259900, mapping to path=/payments/create?total=259900"}}
[debug] [2021-05-30T06:15:49.331Z] [runtime-status] [1804] Ephemeral server handling POST request {"metadata":{"emulator":{"name":"functions"},"function":{"name":"api"},"message":"[runtime-status] [1804] Ephemeral server handling POST request"}}
[info] >  payment Request recived Boom!! for this amount  259900 {"user":"payment Request recived Boom!! for this amount  259900","metadata":{"emulator":{"name":"functions"},"function":{"name":"api"},"message":"\u001b[90m> \u001b[39m payment Request recived Boom!! for this amount  259900"}}
[debug] [2021-05-30T06:15:49.365Z] [runtime-status] [1804] Ephemeral server survived. {"metadata":{"emulator":{"name":"functions"},"function":{"name":"api"},"message":"[runtime-status] [1804] Ephemeral server survived."}}
[info] i  functions: Finished "api" in ~1s {"metadata":{"emulator":{"name":"functions"},"function":{"name":"api"},"message":"Finished \"api\" in ~1s"}}
[debug] [2021-05-30T06:15:50.429Z] [worker-api-62a496e9-0a1c-472d-81ef-5c4dc4201f17]: IDLE {"metadata":{"emulator":{"name":"functions"},"message":"[worker-api-62a496e9-0a1c-472d-81ef-5c4dc4201f17]: IDLE"}}
[debug] [2021-05-30T06:15:50.430Z] [work-queue] {"queueLength":0,"workRunningCount":0}
[debug] [2021-05-30T06:16:14.716Z] [work-queue] {"queueLength":1,"workRunningCount":0}
[debug] [2021-05-30T06:16:14.717Z] [work-queue] {"queueLength":0,"workRunningCount":1}
[debug] [2021-05-30T06:16:14.717Z] Accepted request POST /clone-b75f7/us-central1/api/payments/create?total=0 --> api
[debug] [2021-05-30T06:16:14.718Z] [worker-pool] submitWork(triggerId=api) {"metadata":{"emulator":{"name":"functions"},"message":"[worker-pool] submitWork(triggerId=api)"}}
[debug] [2021-05-30T06:16:14.719Z] [worker-api-62a496e9-0a1c-472d-81ef-5c4dc4201f17]: Assigning socketPath: \\?\pipe\D:\lab05\AC\amazonclone\functions\1804 {"metadata":{"emulator":{"name":"functions"},"message":"[worker-api-62a496e9-0a1c-472d-81ef-5c4dc4201f17]: Assigning socketPath: \\\\?\\pipe\\D:\\lab05\\AC\\amazonclone\\functions\\1804"}}
[debug] [2021-05-30T06:16:14.719Z] [worker-api-62a496e9-0a1c-472d-81ef-5c4dc4201f17]: BUSY {"metadata":{"emulator":{"name":"functions"},"message":"[worker-api-62a496e9-0a1c-472d-81ef-5c4dc4201f17]: BUSY"}}
[debug] [2021-05-30T06:16:14.723Z] [runtime-status] [1804] Trigger "api" has been found, beginning invocation! {"metadata":{"emulator":{"name":"functions"},"function":{"name":"api"},"message":"[runtime-status] [1804] Trigger \"api\" has been found, beginning invocation!"}}
[info] i  functions: Beginning execution of "api" {"metadata":{"emulator":{"name":"functions"},"function":{"name":"api"},"message":"Beginning execution of \"api\""}}
[debug] [2021-05-30T06:16:14.727Z] [runtime-status] [1804] triggerDefinition {"httpsTrigger":{},"name":"api","entryPoint":"api"} {"metadata":{"emulator":{"name":"functions"},"function":{"name":"api"},"message":"[runtime-status] [1804] triggerDefinition {\"httpsTrigger\":{},\"name\":\"api\",\"entryPoint\":\"api\"}"}}
[debug] [2021-05-30T06:16:14.728Z] [runtime-status] [1804] Running api in mode HTTPS {"metadata":{"emulator":{"name":"functions"},"function":{"name":"api"},"message":"[runtime-status] [1804] Running api in mode HTTPS"}}
[debug] [2021-05-30T06:16:14.729Z] [runtime-status] [1804] Attempting to listen to socketPath: \\?\pipe\D:\lab05\AC\amazonclone\functions\1804 {"metadata":{"emulator":{"name":"functions"},"function":{"name":"api"},"message":"[runtime-status] [1804] Attempting to listen to socketPath: \\\\?\\pipe\\D:\\lab05\\AC\\amazonclone\\functions\\1804"}}
[debug] [2021-05-30T06:16:14.734Z] [functions] Runtime ready! Sending request! {"metadata":{"emulator":{"name":"functions"},"message":"[functions] Runtime ready! Sending request!"}}
[debug] [2021-05-30T06:16:14.736Z] [functions] Got req.url=/clone-b75f7/us-central1/api/payments/create?total=0, mapping to path=/payments/create?total=0 {"metadata":{"emulator":{"name":"functions"},"message":"[functions] Got req.url=/clone-b75f7/us-central1/api/payments/create?total=0, mapping to path=/payments/create?total=0"}}
[debug] [2021-05-30T06:16:14.747Z] [runtime-status] [1804] Ephemeral server handling POST request {"metadata":{"emulator":{"name":"functions"},"function":{"name":"api"},"message":"[runtime-status] [1804] Ephemeral server handling POST request"}}
[info] >  payment Request recived Boom!! for this amount  0 {"user":"payment Request recived Boom!! for this amount  0","metadata":{"emulator":{"name":"functions"},"function":{"name":"api"},"message":"\u001b[90m> \u001b[39m payment Request recived Boom!! for this amount  0"}}
[debug] [2021-05-30T06:16:14.754Z] [runtime-status] [1804] Ephemeral server survived. {"metadata":{"emulator":{"name":"functions"},"function":{"name":"api"},"message":"[runtime-status] [1804] Ephemeral server survived."}}
[info] >  (node:1804) UnhandledPromiseRejectionWarning: Error: This value must be greater than or equal to 1. {"user":"(node:1804) UnhandledPromiseRejectionWarning: Error: This value must be greater than or equal to 1.","metadata":{"emulator":{"name":"functions"},"function":{"name":"api"},"message":"\u001b[90m> \u001b[39m (node:1804) UnhandledPromiseRejectionWarning: Error: This value must be greater than or equal to 1."}}
[info] >      at Function.generate (D:\lab05\AC\amazonclone\functions\node_modules\stripe\lib\Error.js:40:16) {"user":"    at Function.generate (D:\\lab05\\AC\\amazonclone\\functions\\node_modules\\stripe\\lib\\Error.js:40:16)","metadata":{"emulator":{"name":"functions"},"function":{"name":"api"},"message":"\u001b[90m> \u001b[39m     at Function.generate (D:\\lab05\\AC\\amazonclone\\functions\\node_modules\\stripe\\lib\\Error.js:40:16)"}}
[info] >      at IncomingMessage.<anonymous> (D:\lab05\AC\amazonclone\functions\node_modules\stripe\lib\StripeResource.js:180:33) {"user":"    at IncomingMessage.<anonymous> (D:\\lab05\\AC\\amazonclone\\functions\\node_modules\\stripe\\lib\\StripeResource.js:180:33)","metadata":{"emulator":{"name":"functions"},"function":{"name":"api"},"message":"\u001b[90m> \u001b[39m     at IncomingMessage.<anonymous> (D:\\lab05\\AC\\amazonclone\\functions\\node_modules\\stripe\\lib\\StripeResource.js:180:33)"}}
[info] >      at Object.onceWrapper (events.js:420:28) {"user":"    at Object.onceWrapper (events.js:420:28)","metadata":{"emulator":{"name":"functions"},"function":{"name":"api"},"message":"\u001b[90m> \u001b[39m     at Object.onceWrapper (events.js:420:28)"}}
[info] >      at IncomingMessage.emit (events.js:326:22) {"user":"    at IncomingMessage.emit (events.js:326:22)","metadata":{"emulator":{"name":"functions"},"function":{"name":"api"},"message":"\u001b[90m> \u001b[39m     at IncomingMessage.emit (events.js:326:22)"}}
[info] >      at endReadableNT (_stream_readable.js:1252:12) {"user":"    at endReadableNT (_stream_readable.js:1252:12)","metadata":{"emulator":{"name":"functions"},"function":{"name":"api"},"message":"\u001b[90m> \u001b[39m     at endReadableNT (_stream_readable.js:1252:12)"}}
[info] >      at processTicksAndRejections (internal/process/task_queues.js:80:21) {"user":"    at processTicksAndRejections (internal/process/task_queues.js:80:21)","metadata":{"emulator":{"name":"functions"},"function":{"name":"api"},"message":"\u001b[90m> \u001b[39m     at processTicksAndRejections (internal/process/task_queues.js:80:21)"}}
[info] >  (Use `node --trace-warnings ...` to show where the warning was created) {"user":"(Use `node --trace-warnings ...` to show where the warning was created)","metadata":{"emulator":{"name":"functions"},"function":{"name":"api"},"message":"\u001b[90m> \u001b[39m (Use `node --trace-warnings ...` to show where the warning was created)"}}
[info] >  (node:1804) UnhandledPromiseRejectionWarning: Unhandled promise rejection. This error originated either by throwing inside of an async function without a catch block, or by rejecting a promise which was not handled with .catch(). To terminate the node process on unhandled promise rejection, use the CLI flag `--unhandled-rejections=strict` (see https://nodejs.org/api/cli.html#cli_unhandled_rejections_mode). (rejection id: 1) {"user":"(node:1804) UnhandledPromiseRejectionWarning: Unhandled promise rejection. This error originated either by throwing inside of an async function without a catch block, or by rejecting a promise which was not handled with .catch(). To terminate the node process on unhandled promise rejection, use the CLI flag `--unhandled-rejections=strict` (see https://nodejs.org/api/cli.html#cli_unhandled_rejections_mode). (rejection id: 1)","metadata":{"emulator":{"name":"functions"},"function":{"name":"api"},"message":"\u001b[90m> \u001b[39m (node:1804) UnhandledPromiseRejectionWarning: Unhandled promise rejection. This error originated either by throwing inside of an async function without a catch block, or by rejecting a promise which was not handled with .catch(). To terminate the node process on unhandled promise rejection, use the CLI flag `--unhandled-rejections=strict` (see https://nodejs.org/api/cli.html#cli_unhandled_rejections_mode). (rejection id: 1)"}}
[info] >  (node:1804) [DEP0018] DeprecationWarning: Unhandled promise rejections are deprecated. In the future, promise rejections that are not handled will terminate the Node.js process with a non-zero exit code. {"user":"(node:1804) [DEP0018] DeprecationWarning: Unhandled promise rejections are deprecated. In the future, promise rejections that are not handled will terminate the Node.js process with a non-zero exit code.","metadata":{"emulator":{"name":"functions"},"function":{"name":"api"},"message":"\u001b[90m> \u001b[39m (node:1804) [DEP0018] DeprecationWarning: Unhandled promise rejections are deprecated. In the future, promise rejections that are not handled will terminate the Node.js process with a non-zero exit code."}}
[warn] !  functions: Your function timed out after ~60s. To configure this timeout, see
      https://firebase.google.com/docs/functions/manage-functions#set_timeout_and_memory_allocation. {"metadata":{"emulator":{"name":"functions"},"function":{"name":"api"},"message":"Your function timed out after ~60s. To configure this timeout, see\n      https://firebase.google.com/docs/functions/manage-functions#set_timeout_and_memory_allocation."}}
[info] >  C:\Users\LENOVO\AppData\Roaming\npm\node_modules\firebase-tools\lib\emulator\functionsEmulatorRuntime.js:648 {"user":"C:\\Users\\LENOVO\\AppData\\Roaming\\npm\\node_modules\\firebase-tools\\lib\\emulator\\functionsEmulatorRuntime.js:648\r","metadata":{"emulator":{"name":"functions"},"function":{"name":"api"},"message":"\u001b[90m> \u001b[39m C:\\Users\\LENOVO\\AppData\\Roaming\\npm\\node_modules\\firebase-tools\\lib\\emulator\\functionsEmulatorRuntime.js:648\r"}}
[info] >              throw new Error("Function timed out."); {"user":"            throw new Error(\"Function timed out.\");\r","metadata":{"emulator":{"name":"functions"},"function":{"name":"api"},"message":"\u001b[90m> \u001b[39m             throw new Error(\"Function timed out.\");\r"}}
[info] >              ^ {"user":"            ^\r","metadata":{"emulator":{"name":"functions"},"function":{"name":"api"},"message":"\u001b[90m> \u001b[39m             ^\r"}}
[info] >   {"user":"\r","metadata":{"emulator":{"name":"functions"},"function":{"name":"api"},"message":"\u001b[90m> \u001b[39m \r"}}
[info] >  Error: Function timed out. {"user":"Error: Function timed out.\r","metadata":{"emulator":{"name":"functions"},"function":{"name":"api"},"message":"\u001b[90m> \u001b[39m Error: Function timed out.\r"}}
[info] >      at Timeout._onTimeout (C:\Users\LENOVO\AppData\Roaming\npm\node_modules\firebase-tools\lib\emulator\functionsEmulatorRuntime.js:648:19) {"user":"    at Timeout._onTimeout (C:\\Users\\LENOVO\\AppData\\Roaming\\npm\\node_modules\\firebase-tools\\lib\\emulator\\functionsEmulatorRuntime.js:648:19)\r","metadata":{"emulator":{"name":"functions"},"function":{"name":"api"},"message":"\u001b[90m> \u001b[39m     at Timeout._onTimeout (C:\\Users\\LENOVO\\AppData\\Roaming\\npm\\node_modules\\firebase-tools\\lib\\emulator\\functionsEmulatorRuntime.js:648:19)\r"}}
[info] >      at listOnTimeout (internal/timers.js:554:17) {"user":"    at listOnTimeout (internal/timers.js:554:17)\r","metadata":{"emulator":{"name":"functions"},"function":{"name":"api"},"message":"\u001b[90m> \u001b[39m     at listOnTimeout (internal/timers.js:554:17)\r"}}
[info] >      at processTimers (internal/timers.js:497:7) {"user":"    at processTimers (internal/timers.js:497:7)\r","metadata":{"emulator":{"name":"functions"},"function":{"name":"api"},"message":"\u001b[90m> \u001b[39m     at processTimers (internal/timers.js:497:7)\r"}}
[debug] [2021-05-30T06:17:14.868Z] [worker-api-62a496e9-0a1c-472d-81ef-5c4dc4201f17]: exited {"metadata":{"emulator":{"name":"functions"},"message":"[worker-api-62a496e9-0a1c-472d-81ef-5c4dc4201f17]: exited"}}
[debug] [2021-05-30T06:17:14.869Z] [worker-api-62a496e9-0a1c-472d-81ef-5c4dc4201f17]: FINISHED {"metadata":{"emulator":{"name":"functions"},"message":"[worker-api-62a496e9-0a1c-472d-81ef-5c4dc4201f17]: FINISHED"}}
[debug] [2021-05-30T06:17:14.870Z] [work-queue] {"queueLength":0,"workRunningCount":0}
[debug] [2021-05-30T06:23:19.113Z] Received signal SIGHUP 1
